<?xml version="1.0" encoding="UTF-8"?>
<!-- Generated by org.testng.reporters.JUnitXMLReporter -->
<testsuite ignored="0" hostname="ABHISHEK" failures="0" tests="3" name="Test-2" time="50.55" errors="0" timestamp="2024-08-08T13:24:04 IST">
  <testcase classname="com.comcast.crm.contacttest.CreateContactTest" name="CreateAContactWithSupportDateTest" time="11.148"/>
  <testcase classname="com.comcast.crm.contacttest.CreateContactTest" name="createContactTest" time="8.033"/>
  <testcase classname="com.comcast.crm.contacttest.CreateContactTest" name="createContactWithOrgTest" time="16.435"/>
</testsuite> <!-- Test-2 -->
