<?xml version="1.0" encoding="UTF-8"?>
<!-- Generated by org.testng.reporters.JUnitReportReporter -->
<testsuite hostname="ABHISHEK" failures="0" tests="1" name="com.comcast.crm.orgtest.CreateOrganizationTest" time="51.736" errors="0" timestamp="2024-08-21T16:28:02 IST" skipped="0">
  <testcase classname="com.comcast.crm.orgtest.CreateOrganizationTest" name="CreateOrganizationWithPhoneNumber" time="51.736"/>
</testsuite> <!-- com.comcast.crm.orgtest.CreateOrganizationTest -->
