<?xml version="1.0" encoding="UTF-8"?>
<!-- Generated by org.testng.reporters.JUnitReportReporter -->
<testsuite hostname="ABHISHEK" failures="0" tests="2" name="com.practice.CreateContactWithTestNgTest" time="0.009" errors="0" timestamp="2024-08-06T11:24:17 IST" skipped="0">
  <testcase classname="com.practice.CreateContactWithTestNgTest" name="createContact" time="0.007"/>
  <testcase classname="com.practice.CreateContactWithTestNgTest" name="createContactWithDate" time="0.002"/>
</testsuite> <!-- com.practice.CreateContactWithTestNgTest -->
