<?xml version="1.0" encoding="UTF-8"?>
<!-- Generated by org.testng.reporters.JUnitReportReporter -->
<testsuite hostname="ABHISHEK" failures="0" tests="1" name="com.comcast.crm.testngassertion.CreateContactUsingAssertion" time="9.382" errors="0" timestamp="2024-08-09T15:15:47 IST" skipped="0">
  <testcase classname="com.comcast.crm.testngassertion.CreateContactUsingAssertion" name="CreateContactUsingAssertionTest" time="9.382"/>
</testsuite> <!-- com.comcast.crm.testngassertion.CreateContactUsingAssertion -->
