<?xml version="1.0" encoding="UTF-8"?>
<!-- Generated by org.testng.reporters.JUnitReportReporter -->
<testsuite hostname="ABHISHEK" failures="0" tests="3" name="com.comcast.crm.contacttest.CreateContactTest" time="45.631" errors="0" timestamp="2024-08-15T23:06:53 IST" skipped="0">
  <testcase classname="com.comcast.crm.contacttest.CreateContactTest" name="createContactWithOrgTest" time="21.021"/>
  <testcase classname="com.comcast.crm.contacttest.CreateContactTest" name="createContactTest" time="11.613"/>
  <testcase classname="com.comcast.crm.contacttest.CreateContactTest" name="CreateAContactWithSupportDateTest" time="12.997"/>
</testsuite> <!-- com.comcast.crm.contacttest.CreateContactTest -->
