<?xml version="1.0" encoding="UTF-8"?>
<!-- Generated by org.testng.reporters.JUnitReportReporter -->
<testsuite hostname="ABHISHEK" failures="0" tests="1" name="practice.pom.repository.SampleTestUsingPom" time="4.065" errors="0" timestamp="2024-07-30T11:58:27 IST" skipped="0">
  <testcase classname="practice.pom.repository.SampleTestUsingPom" name="sampleTest" time="4.065"/>
</testsuite> <!-- practice.pom.repository.SampleTestUsingPom -->
