<?xml version="1.0" encoding="UTF-8"?>
<!-- Generated by org.testng.reporters.JUnitReportReporter -->
<testsuite hostname="ABHISHEK" failures="0" tests="2" name="com.crm.comcast.contacttest.CreateContactTest" time="0.005" errors="0" timestamp="2024-08-06T13:28:01 IST" skipped="0">
  <testcase classname="com.crm.comcast.contacttest.CreateContactTest" name="createContactWithDate" time="0.003"/>
  <testcase classname="com.crm.comcast.contacttest.CreateContactTest" name="createContact" time="0.002"/>
</testsuite> <!-- com.crm.comcast.contacttest.CreateContactTest -->
